2023-01-19 00:46:40,467 [main] INFO maven_project - open commerce URL
2023-01-19 00:46:40,643 [main] INFO maven_project - enter email
2023-01-19 00:46:42,733 [main] INFO maven_project - enter password
2023-01-19 00:46:46,040 [main] INFO maven_project - click into login button
2023-01-19 00:50:57,394 [main] INFO maven_project - open commerce URL
2023-01-19 00:50:57,551 [main] INFO maven_project - enter email
2023-01-19 00:50:59,714 [main] INFO maven_project - enter password
2023-01-19 00:51:03,076 [main] INFO maven_project - click into login button
2023-01-19 01:07:53,318 [main] INFO maven_project - open commerce URL
2023-01-19 01:07:53,511 [main] INFO maven_project - enter email
2023-01-19 01:07:55,610 [main] INFO maven_project - enter password
2023-01-19 01:07:59,089 [main] INFO maven_project - click into login button
2023-01-19 01:09:10,274 [main] INFO maven_project - open commerce URL
2023-01-19 01:09:19,498 [main] INFO maven_project - enter email
2023-01-19 01:09:21,617 [main] INFO maven_project - enter password
2023-01-19 01:09:24,233 [main] INFO maven_project - click into login button
2023-01-19 01:10:07,443 [main] INFO maven_project - open commerce URL
2023-01-19 01:10:07,641 [main] INFO maven_project - enter email
2023-01-19 01:10:09,733 [main] INFO maven_project - enter password
2023-01-19 01:10:12,261 [main] INFO maven_project - click into login button
2023-01-19 01:12:27,663 [main] INFO maven_project - open commerce URL
2023-01-19 01:12:27,843 [main] INFO maven_project - enter email
2023-01-19 01:12:29,931 [main] INFO maven_project - enter password
2023-01-19 01:12:32,706 [main] INFO maven_project - click into login button
2023-01-19 01:15:26,229 [main] INFO maven_project - open commerce URL
2023-01-19 01:15:26,402 [main] INFO maven_project - enter email
2023-01-19 01:15:28,505 [main] INFO maven_project - enter password
2023-01-19 01:15:33,018 [main] INFO maven_project - click into login button
2023-01-19 01:16:08,420 [main] INFO maven_project - open commerce URL
2023-01-19 01:16:08,619 [main] INFO maven_project - enter email
2023-01-19 01:16:10,702 [main] INFO maven_project - enter password
2023-01-19 01:16:15,195 [main] INFO maven_project - click into login button
2023-01-19 01:18:46,841 [main] INFO maven_project - open commerce URL
2023-01-19 01:18:47,044 [main] INFO maven_project - enter email
2023-01-19 01:18:49,135 [main] INFO maven_project - enter password
2023-01-19 01:18:53,355 [main] INFO maven_project - click into login button
2023-01-19 01:18:57,382 [main] INFO maven_project - Login success
2023-01-19 01:53:02,466 [main] INFO maven_project - open commerce URL
2023-01-19 01:53:02,737 [main] INFO maven_project - enter email
2023-01-19 01:53:04,901 [main] INFO maven_project - enter password
2023-01-19 01:53:08,625 [main] INFO maven_project - click into login button
2023-01-19 01:55:38,357 [main] INFO maven_project - open commerce URL
2023-01-19 01:55:38,637 [main] INFO maven_project - enter email
2023-01-19 01:55:40,802 [main] INFO maven_project - enter password
2023-01-19 01:55:44,653 [main] INFO maven_project - click into login button
2023-01-19 01:59:43,828 [main] INFO maven_project - open commerce URL
2023-01-19 01:59:44,107 [main] INFO maven_project - enter email
2023-01-19 01:59:46,337 [main] INFO maven_project - enter password
2023-01-19 01:59:50,269 [main] INFO maven_project - click into login button
2023-01-19 02:07:14,211 [main] INFO maven_project - open commerce URL
2023-01-19 02:07:14,489 [main] INFO maven_project - enter email
2023-01-19 02:07:16,667 [main] INFO maven_project - enter password
2023-01-19 02:07:20,130 [main] INFO maven_project - click into login button
2023-01-19 09:26:39,271 [main] INFO maven_project - open commerce URL
2023-01-19 09:26:39,666 [main] INFO maven_project - enter email
2023-01-19 09:26:40,244 [main] INFO maven_project - open commerce URL
2023-01-19 09:26:40,563 [main] INFO maven_project - enter email
2023-01-19 09:26:41,850 [main] INFO maven_project - enter password
2023-01-19 09:26:42,739 [main] INFO maven_project - enter password
2023-01-19 09:26:44,487 [main] INFO maven_project - click into login button
2023-01-19 09:26:46,325 [main] INFO maven_project - click into login button
2023-01-19 09:27:57,500 [main] INFO maven_project - open commerce URL
2023-01-19 09:27:57,832 [main] INFO maven_project - enter email
2023-01-19 09:28:00,255 [main] INFO maven_project - enter password
2023-01-19 09:28:03,674 [main] INFO maven_project - click into login button
2023-01-19 13:01:15,005 [main] INFO maven_project - open commerce URL
2023-01-19 13:01:15,245 [main] INFO maven_project - enter email
2023-01-19 13:01:17,387 [main] INFO maven_project - enter password
2023-01-19 13:01:20,882 [main] INFO maven_project - click into login button
2023-01-19 13:11:25,595 [main] INFO maven_project - open commerce URL
2023-01-19 13:11:25,860 [main] INFO maven_project - enter email
2023-01-19 13:11:28,062 [main] INFO maven_project - enter password
2023-01-19 13:11:31,831 [main] INFO maven_project - click into login button
2023-01-19 13:12:50,815 [main] INFO maven_project - open commerce URL
2023-01-19 13:12:51,087 [main] INFO maven_project - enter email
2023-01-19 13:12:53,264 [main] INFO maven_project - enter password
2023-01-19 13:12:56,161 [main] INFO maven_project - click into login button
2023-01-19 14:12:05,775 [main] INFO maven_project - open commerce URL
2023-01-19 14:12:06,075 [main] INFO maven_project - enter email
2023-01-19 14:12:08,250 [main] INFO maven_project - enter password
2023-01-19 14:12:11,116 [main] INFO maven_project - click into login button
2023-01-19 14:14:43,189 [main] INFO maven_project - open commerce URL
2023-01-19 14:14:43,421 [main] INFO maven_project - enter email
2023-01-19 14:14:45,567 [main] INFO maven_project - enter password
2023-01-19 14:14:48,296 [main] INFO maven_project - click into login button
2023-01-19 14:18:57,153 [main] INFO maven_project - open commerce URL
2023-01-19 14:18:57,456 [main] INFO maven_project - enter email
2023-01-19 14:18:59,663 [main] INFO maven_project - enter password
2023-01-19 14:19:03,293 [main] INFO maven_project - click into login button
2023-01-19 14:24:47,950 [main] INFO maven_project - open commerce URL
2023-01-19 14:24:48,313 [main] INFO maven_project - enter email
2023-01-19 14:24:50,563 [main] INFO maven_project - enter password
2023-01-19 14:24:53,241 [main] INFO maven_project - click into login button
2023-01-19 14:26:26,142 [main] INFO maven_project - open commerce URL
2023-01-19 14:26:26,356 [main] INFO maven_project - enter email
2023-01-19 14:26:28,581 [main] INFO maven_project - enter password
2023-01-19 14:26:31,333 [main] INFO maven_project - click into login button
2023-01-19 14:29:31,591 [main] INFO maven_project - open commerce URL
2023-01-19 14:29:31,932 [main] INFO maven_project - enter email
2023-01-19 14:29:34,138 [main] INFO maven_project - enter password
2023-01-19 14:29:37,265 [main] INFO maven_project - click into login button
2023-01-19 14:34:08,775 [main] INFO maven_project - open commerce URL
2023-01-19 14:34:09,091 [main] INFO maven_project - enter email
2023-01-19 14:34:11,302 [main] INFO maven_project - enter password
2023-01-19 14:34:13,983 [main] INFO maven_project - click into login button
2023-01-19 14:37:25,535 [main] INFO maven_project - open commerce URL
2023-01-19 14:37:25,896 [main] INFO maven_project - enter email
2023-01-19 14:37:28,212 [main] INFO maven_project - enter password
2023-01-19 14:37:31,372 [main] INFO maven_project - click into login button
2023-01-19 22:46:41,573 [main] INFO maven_project - open commerce URL
2023-01-19 22:46:41,892 [main] INFO maven_project - enter email
2023-01-19 22:46:44,081 [main] INFO maven_project - enter password
2023-01-19 22:46:48,074 [main] INFO maven_project - click into login button
2023-01-19 23:07:23,609 [main] INFO maven_project - open commerce URL
2023-01-19 23:07:23,888 [main] INFO maven_project - enter email
2023-01-19 23:07:26,171 [main] INFO maven_project - enter password
2023-01-19 23:07:29,701 [main] INFO maven_project - click into login button
2023-01-19 23:56:37,701 [main] INFO maven_project - Open URL
2023-01-19 23:56:41,379 [main] INFO maven_project - Enter user mailL
2023-01-19 23:56:44,570 [main] INFO maven_project - Enter User password
2023-01-19 23:56:49,096 [main] INFO maven_project - Clicked on longin button
2023-01-19 23:57:21,414 [main] INFO maven_project - Open URL
2023-01-19 23:57:24,762 [main] INFO maven_project - Enter user mailL
2023-01-19 23:57:27,951 [main] INFO maven_project - Enter User password
2023-01-19 23:57:31,706 [main] INFO maven_project - Clicked on longin button
2023-01-19 23:58:54,707 [main] INFO maven_project - Open URL
2023-01-19 23:58:57,961 [main] INFO maven_project - Enter user mailL
2023-01-19 23:59:01,174 [main] INFO maven_project - Enter User password
2023-01-19 23:59:05,740 [main] INFO maven_project - Clicked on longin button
2023-01-19 23:59:27,811 [main] INFO maven_project - Mouseover on computer
2023-01-20 00:02:19,607 [main] INFO maven_project - Open URL
2023-01-20 00:02:23,106 [main] INFO maven_project - Enter user mailL
2023-01-20 00:02:26,346 [main] INFO maven_project - Enter User password
2023-01-20 00:02:30,889 [main] INFO maven_project - Clicked on longin button
2023-01-20 00:02:34,400 [main] INFO maven_project - Mouseover on computer
2023-01-20 00:02:35,827 [main] INFO maven_project - Clicked on NotebookText
2023-01-20 00:03:58,222 [main] INFO maven_project - Open URL
2023-01-20 00:04:01,640 [main] INFO maven_project - Enter user mailL
2023-01-20 00:04:04,855 [main] INFO maven_project - Enter User password
2023-01-20 00:04:10,146 [main] INFO maven_project - Clicked on longin button
2023-01-20 00:04:13,482 [main] INFO maven_project - Mouseover on computer
2023-01-20 00:04:15,301 [main] INFO maven_project - Clicked on NotebookText
2023-01-20 00:07:26,463 [main] INFO maven_project - Open URL
2023-01-20 00:07:29,818 [main] INFO maven_project - Enter user mailL
2023-01-20 00:07:33,015 [main] INFO maven_project - Enter User password
2023-01-20 00:07:37,566 [main] INFO maven_project - Clicked on longin button
2023-01-20 00:07:40,905 [main] INFO maven_project - Mouseover on computer
2023-01-20 00:07:42,257 [main] INFO maven_project - Clicked on NotebookText
2023-01-20 00:11:44,080 [main] INFO maven_project - Open URL
2023-01-20 00:11:47,405 [main] INFO maven_project - Enter user mailL
2023-01-20 00:11:50,585 [main] INFO maven_project - Enter User password
2023-01-20 00:11:54,305 [main] INFO maven_project - Clicked on longin button
2023-01-20 00:12:20,690 [main] INFO maven_project - Open URL
2023-01-20 00:12:24,078 [main] INFO maven_project - Enter user mailL
2023-01-20 00:12:27,245 [main] INFO maven_project - Enter User password
2023-01-20 00:12:31,763 [main] INFO maven_project - Clicked on longin button
2023-01-20 00:12:47,825 [main] INFO maven_project - Mouseover on computer
2023-01-20 00:14:48,173 [main] INFO maven_project - Open URL
2023-01-20 00:14:51,945 [main] INFO maven_project - Enter user mailL
2023-01-20 00:14:55,195 [main] INFO maven_project - Enter User password
2023-01-20 00:15:00,675 [main] INFO maven_project - Clicked on longin button
2023-01-20 00:15:04,145 [main] INFO maven_project - Mouseover on computer
2023-01-20 00:15:05,405 [main] INFO maven_project - Clicked on NotebookText
2023-01-20 00:17:59,516 [main] INFO maven_project - Open URL
2023-01-20 00:18:02,825 [main] INFO maven_project - Enter user mailL
2023-01-20 00:18:05,995 [main] INFO maven_project - Enter User password
2023-01-20 00:18:10,605 [main] INFO maven_project - Clicked on longin button
2023-01-20 00:18:13,861 [main] INFO maven_project - Mouseover on computer
2023-01-20 00:18:15,365 [main] INFO maven_project - Clicked on NotebookText
2023-01-20 00:25:32,352 [main] INFO maven_project - open commerce URL
2023-01-20 00:25:32,727 [main] INFO maven_project - enter email
2023-01-20 00:25:34,929 [main] INFO maven_project - enter password
2023-01-20 00:25:37,656 [main] INFO maven_project - click into login button
2023-01-20 00:37:51,980 [main] INFO maven_project - open commerce URL
2023-01-20 00:37:52,310 [main] INFO maven_project - enter email
2023-01-20 00:37:54,513 [main] INFO maven_project - enter password
2023-01-20 00:37:58,063 [main] INFO maven_project - click into login button
2023-01-20 00:44:17,137 [TestNG-tests-2] INFO maven_project - open commerce URL
2023-01-20 00:44:18,497 [TestNG-tests-1] INFO maven_project - open commerce URL
2023-01-20 00:44:18,723 [TestNG-tests-2] INFO maven_project - enter email
2023-01-20 00:44:18,803 [TestNG-tests-1] INFO maven_project - enter email
2023-01-20 00:44:20,958 [TestNG-tests-2] INFO maven_project - enter password
2023-01-20 00:44:21,062 [TestNG-tests-1] INFO maven_project - enter password
2023-01-20 00:44:23,103 [TestNG-tests-2] INFO maven_project - click into login button
2023-01-20 00:44:23,192 [TestNG-tests-1] INFO maven_project - click into login button
2023-01-20 00:45:12,267 [TestNG-tests-2] INFO maven_project - open commerce URL
2023-01-20 00:45:13,622 [TestNG-tests-1] INFO maven_project - open commerce URL
2023-01-20 00:45:13,903 [TestNG-tests-2] INFO maven_project - enter email
2023-01-20 00:45:14,003 [TestNG-tests-1] INFO maven_project - enter email
2023-01-20 00:45:16,069 [TestNG-tests-2] INFO maven_project - enter password
2023-01-20 00:45:16,147 [TestNG-tests-1] INFO maven_project - enter password
2023-01-20 00:45:18,178 [TestNG-tests-2] INFO maven_project - click into login button
2023-01-20 00:45:18,267 [TestNG-tests-1] INFO maven_project - click into login button
2023-01-20 00:45:45,814 [TestNG-tests-2] INFO maven_project - open commerce URL
2023-01-20 00:45:46,411 [TestNG-tests-1] INFO maven_project - open commerce URL
2023-01-20 00:45:46,634 [TestNG-tests-2] INFO maven_project - enter email
2023-01-20 00:45:46,744 [TestNG-tests-1] INFO maven_project - enter email
2023-01-20 00:45:48,752 [TestNG-tests-2] INFO maven_project - enter password
2023-01-20 00:45:48,810 [TestNG-tests-1] INFO maven_project - enter password
2023-01-20 00:45:50,887 [TestNG-tests-2] INFO maven_project - click into login button
2023-01-20 00:45:51,019 [TestNG-tests-1] INFO maven_project - click into login button
2023-01-20 00:50:29,285 [TestNG-tests-1] INFO maven_project - open commerce URL
2023-01-20 00:50:29,918 [TestNG-tests-2] INFO maven_project - open commerce URL
2023-01-20 00:50:30,074 [TestNG-tests-1] INFO maven_project - enter email
2023-01-20 00:50:30,138 [TestNG-tests-2] INFO maven_project - enter email
2023-01-20 00:50:32,305 [TestNG-tests-1] INFO maven_project - enter password
2023-01-20 00:50:32,377 [TestNG-tests-2] INFO maven_project - enter password
2023-01-20 00:50:34,391 [TestNG-tests-1] INFO maven_project - click into login button
2023-01-20 00:50:34,441 [TestNG-tests-2] INFO maven_project - click into login button
2023-01-20 11:18:10,281 [TestNG-tests-1] INFO maven_project - open commerce URL
2023-01-20 11:18:10,367 [TestNG-tests-2] INFO maven_project - open commerce URL
2023-01-20 11:18:10,503 [TestNG-tests-1] INFO maven_project - enter email
2023-01-20 11:18:10,558 [TestNG-tests-2] INFO maven_project - enter email
2023-01-20 11:18:12,616 [TestNG-tests-1] INFO maven_project - enter password
2023-01-20 11:18:12,664 [TestNG-tests-2] INFO maven_project - enter password
2023-01-20 11:18:14,701 [TestNG-tests-1] INFO maven_project - click into login button
2023-01-20 11:18:14,747 [TestNG-tests-2] INFO maven_project - click into login button
2023-01-20 11:19:15,831 [TestNG-tests-2] INFO maven_project - open commerce URL
2023-01-20 11:19:16,615 [TestNG-tests-1] INFO maven_project - open commerce URL
2023-01-20 11:19:16,778 [TestNG-tests-2] INFO maven_project - enter email
2023-01-20 11:19:16,846 [TestNG-tests-1] INFO maven_project - enter email
2023-01-20 11:19:18,924 [TestNG-tests-2] INFO maven_project - enter password
2023-01-20 11:19:18,993 [TestNG-tests-1] INFO maven_project - enter password
2023-01-20 11:19:21,000 [TestNG-tests-2] INFO maven_project - click into login button
2023-01-20 11:19:21,039 [TestNG-tests-1] INFO maven_project - click into login button
2023-01-20 11:20:31,152 [TestNG-tests-2] INFO maven_project - open commerce URL
2023-01-20 11:20:31,928 [TestNG-tests-1] INFO maven_project - open commerce URL
2023-01-20 11:20:32,080 [TestNG-tests-2] INFO maven_project - enter email
2023-01-20 11:20:32,154 [TestNG-tests-1] INFO maven_project - enter email
2023-01-20 11:20:34,242 [TestNG-tests-2] INFO maven_project - enter password
2023-01-20 11:20:34,304 [TestNG-tests-1] INFO maven_project - enter password
2023-01-20 11:20:36,359 [TestNG-tests-2] INFO maven_project - click into login button
2023-01-20 11:20:36,425 [TestNG-tests-1] INFO maven_project - click into login button
2023-01-20 11:24:03,746 [TestNG-tests-2] INFO maven_project - open commerce URL
2023-01-20 11:24:05,068 [TestNG-tests-1] INFO maven_project - open commerce URL
2023-01-20 11:24:05,211 [TestNG-tests-2] INFO maven_project - enter email
2023-01-20 11:24:05,275 [TestNG-tests-1] INFO maven_project - enter email
2023-01-20 11:24:07,360 [TestNG-tests-2] INFO maven_project - enter password
2023-01-20 11:24:07,413 [TestNG-tests-1] INFO maven_project - enter password
2023-01-20 11:24:09,457 [TestNG-tests-2] INFO maven_project - click into login button
2023-01-20 11:24:09,502 [TestNG-tests-1] INFO maven_project - click into login button
2023-01-20 12:24:53,246 [main] INFO maven_project - Open URL
2023-01-20 12:24:56,424 [main] INFO maven_project - Enter user mailL
2023-01-20 12:24:59,557 [main] INFO maven_project - Enter User password
2023-01-20 12:25:03,519 [main] INFO maven_project - Clicked on longin button
2023-01-20 12:25:15,605 [main] INFO maven_project - Mouseover on computer
2023-01-20 12:25:18,062 [main] INFO maven_project - Clicked on NotebookText
2023-01-20 12:25:41,221 [main] INFO maven_project - Open URL
2023-01-20 12:25:44,454 [main] INFO maven_project - Enter user mailL
2023-01-20 12:25:47,583 [main] INFO maven_project - Enter User password
2023-01-20 12:25:51,548 [main] INFO maven_project - Clicked on longin button
2023-01-20 12:27:56,967 [main] INFO maven_project - Open URL
2023-01-20 12:28:00,165 [main] INFO maven_project - Enter user mailL
2023-01-20 12:28:03,294 [main] INFO maven_project - Enter User password
2023-01-20 12:28:09,635 [main] INFO maven_project - Clicked on longin button
2023-01-20 12:28:12,877 [main] INFO maven_project - Mouseover on computer
2023-01-20 12:28:14,798 [main] INFO maven_project - Clicked on NotebookText
2023-01-20 12:32:32,688 [main] INFO maven_project - Open URL
2023-01-20 12:32:35,876 [main] INFO maven_project - Enter user mailL
2023-01-20 12:32:39,005 [main] INFO maven_project - Enter User password
2023-01-20 12:32:44,127 [main] INFO maven_project - Clicked on longin button
2023-01-20 12:32:47,323 [main] INFO maven_project - Mouseover on computer
2023-01-20 12:32:48,892 [main] INFO maven_project - Clicked on NotebookText
2023-01-20 12:37:03,809 [main] INFO maven_project - Open URL
2023-01-20 12:37:06,974 [main] INFO maven_project - Enter user mailL
2023-01-20 12:37:10,090 [main] INFO maven_project - Enter User password
2023-01-20 12:37:16,286 [main] INFO maven_project - Clicked on longin button
2023-01-20 12:37:19,484 [main] INFO maven_project - Mouseover on computer
2023-01-20 12:37:20,998 [main] INFO maven_project - Clicked on NotebookText
2023-01-20 12:43:51,835 [main] INFO maven_project - Open URL
2023-01-20 12:43:55,011 [main] INFO maven_project - Enter user mailL
2023-01-20 12:43:58,130 [main] INFO maven_project - Enter User password
2023-01-20 12:44:05,118 [main] INFO maven_project - Clicked on longin button
2023-01-20 12:44:08,323 [main] INFO maven_project - Mouseover on computer
2023-01-20 12:44:10,387 [main] INFO maven_project - Clicked on NotebookText
2023-01-20 13:00:40,731 [main] INFO maven_project - Open URL
2023-01-20 13:00:43,915 [main] INFO maven_project - Enter user mailL
2023-01-20 13:00:47,033 [main] INFO maven_project - Enter User password
2023-01-20 13:00:52,855 [main] INFO maven_project - Clicked on longin button
2023-01-20 13:00:56,064 [main] INFO maven_project - Mouseover on computer
2023-01-20 13:00:57,778 [main] INFO maven_project - Clicked on NotebookText
2023-01-20 13:15:47,492 [main] INFO maven_project - Open URL
2023-01-20 13:15:50,671 [main] INFO maven_project - Enter user mailL
2023-01-20 13:15:53,784 [main] INFO maven_project - Enter User password
2023-01-20 13:15:58,353 [main] INFO maven_project - Clicked on longin button
2023-01-20 13:24:48,216 [main] INFO maven_project - open commerce URL
2023-01-20 13:24:48,389 [main] INFO maven_project - enter email
2023-01-20 13:24:50,509 [main] INFO maven_project - enter password
2023-01-20 13:24:54,229 [main] INFO maven_project - click into login button
2023-01-20 13:25:03,341 [main] INFO maven_project - Open URL
2023-01-20 13:25:06,473 [main] INFO maven_project - Enter user mailL
2023-01-20 13:25:09,650 [main] INFO maven_project - Enter User password
2023-01-20 13:25:13,627 [main] INFO maven_project - Clicked on longin button
2023-01-20 13:26:26,081 [main] INFO maven_project - open commerce URL
2023-01-20 13:26:26,239 [main] INFO maven_project - enter email
2023-01-20 13:26:28,371 [main] INFO maven_project - enter password
2023-01-20 13:26:31,929 [main] INFO maven_project - click into login button
2023-01-20 13:26:40,541 [main] INFO maven_project - Open URL
2023-01-20 13:26:43,659 [main] INFO maven_project - Enter user mailL
2023-01-20 13:26:46,786 [main] INFO maven_project - Enter User password
2023-01-20 13:26:51,223 [main] INFO maven_project - Clicked on longin button
2023-01-20 13:31:11,062 [main] INFO maven_project - open commerce URL
2023-01-20 13:31:11,230 [main] INFO maven_project - enter email
2023-01-20 13:31:13,427 [main] INFO maven_project - enter password
2023-01-20 13:31:16,522 [main] INFO maven_project - click into login button
2023-01-20 13:31:24,717 [main] INFO maven_project - Open URL
2023-01-20 13:31:27,871 [main] INFO maven_project - Enter user mailL
2023-01-20 13:31:31,067 [main] INFO maven_project - Enter User password
2023-01-20 13:31:35,529 [main] INFO maven_project - Clicked on longin button
2023-01-20 13:39:59,887 [main] INFO maven_project - open commerce URL
2023-01-20 13:40:00,092 [main] INFO maven_project - enter email
2023-01-20 13:40:02,238 [main] INFO maven_project - enter password
2023-01-20 13:40:06,039 [main] INFO maven_project - click into login button
2023-01-20 13:40:15,123 [main] INFO maven_project - Open URL
2023-01-20 13:40:18,302 [main] INFO maven_project - Enter user mailL
2023-01-20 13:40:21,420 [main] INFO maven_project - Enter User password
2023-01-20 13:40:26,003 [main] INFO maven_project - Clicked on longin button
2023-01-20 13:51:52,311 [TestNG-tests-2] INFO maven_project - open commerce URL
2023-01-20 13:51:53,521 [TestNG-tests-1] INFO maven_project - open commerce URL
2023-01-20 13:51:53,678 [TestNG-tests-2] INFO maven_project - enter email
2023-01-20 13:51:53,746 [TestNG-tests-1] INFO maven_project - enter email
2023-01-20 13:51:55,853 [TestNG-tests-2] INFO maven_project - enter password
2023-01-20 13:51:55,917 [TestNG-tests-1] INFO maven_project - enter password
2023-01-20 13:51:57,980 [TestNG-tests-2] INFO maven_project - click into login button
2023-01-20 13:51:58,036 [TestNG-tests-1] INFO maven_project - click into login button
2023-01-20 13:52:59,404 [TestNG-tests-2] INFO maven_project - Open URL
2023-01-20 13:53:00,066 [TestNG-tests-1] INFO maven_project - open commerce URL
2023-01-20 13:53:00,306 [TestNG-tests-1] INFO maven_project - enter email
2023-01-20 13:53:02,444 [TestNG-tests-1] INFO maven_project - enter password
2023-01-20 13:53:02,636 [TestNG-tests-2] INFO maven_project - Enter user mailL
2023-01-20 13:53:04,541 [TestNG-tests-1] INFO maven_project - click into login button
2023-01-20 13:53:05,781 [TestNG-tests-2] INFO maven_project - Enter User password
2023-01-20 13:53:08,916 [TestNG-tests-2] INFO maven_project - Clicked on longin button
2023-01-20 13:55:17,253 [TestNG-tests-2] INFO maven_project - Open URL
2023-01-20 13:55:18,672 [TestNG-tests-1] INFO maven_project - open commerce URL
2023-01-20 13:55:18,856 [TestNG-tests-1] INFO maven_project - enter email
2023-01-20 13:55:20,547 [TestNG-tests-2] INFO maven_project - Enter user mailL
2023-01-20 13:55:20,971 [TestNG-tests-1] INFO maven_project - enter password
2023-01-20 13:55:23,094 [TestNG-tests-1] INFO maven_project - click into login button
2023-01-20 13:55:23,662 [TestNG-tests-2] INFO maven_project - Enter User password
2023-01-20 13:55:26,725 [TestNG-tests-2] INFO maven_project - Clicked on longin button
2023-01-20 14:00:35,146 [TestNG-tests-1] INFO maven_project - open commerce URL
2023-01-20 14:00:35,351 [TestNG-tests-1] INFO maven_project - enter email
2023-01-20 14:00:37,513 [TestNG-tests-1] INFO maven_project - enter password
2023-01-20 14:00:40,908 [TestNG-tests-1] INFO maven_project - click into login button
2023-01-20 14:00:49,720 [TestNG-tests-1] INFO maven_project - Open URL
2023-01-20 14:00:52,873 [TestNG-tests-1] INFO maven_project - Enter user mailL
2023-01-20 14:00:55,982 [TestNG-tests-1] INFO maven_project - Enter User password
2023-01-20 14:01:00,427 [TestNG-tests-1] INFO maven_project - Clicked on longin button
2023-01-20 14:11:41,786 [TestNG-tests-2] INFO maven_project - Open URL
2023-01-20 14:11:43,096 [TestNG-tests-1] INFO maven_project - open commerce URL
2023-01-20 14:11:43,356 [TestNG-tests-1] INFO maven_project - enter email
2023-01-20 14:11:44,966 [TestNG-tests-2] INFO maven_project - Enter user mailL
2023-01-20 14:11:45,476 [TestNG-tests-1] INFO maven_project - enter password
2023-01-20 14:11:47,636 [TestNG-tests-1] INFO maven_project - click into login button
2023-01-20 14:11:48,085 [TestNG-tests-2] INFO maven_project - Enter User password
2023-01-20 14:11:51,189 [TestNG-tests-2] INFO maven_project - Clicked on longin button
2023-01-20 14:38:51,865 [main] INFO maven_project - Open URL
2023-01-20 14:38:55,154 [main] INFO maven_project - Enter user mailL
2023-01-20 14:38:58,314 [main] INFO maven_project - Enter User password
2023-01-20 14:39:01,974 [main] INFO maven_project - Clicked on longin button
2023-01-20 14:39:08,460 [main] INFO maven_project - Mouseover on computer
2023-01-20 14:39:10,924 [main] INFO maven_project - Clicked on NotebookText
2023-01-20 14:42:28,391 [main] INFO maven_project - Open URL
2023-01-20 14:42:31,677 [main] INFO maven_project - Enter user mailL
2023-01-20 14:42:34,809 [main] INFO maven_project - Enter User password
2023-01-20 14:42:39,194 [main] INFO maven_project - Clicked on longin button
2023-01-20 14:45:31,127 [main] INFO maven_project - Open URL
2023-01-20 14:45:34,354 [main] INFO maven_project - Enter user mailL
2023-01-20 14:45:37,499 [main] INFO maven_project - Enter User password
2023-01-20 14:45:43,425 [main] INFO maven_project - Clicked on longin button
2023-01-20 14:45:46,634 [main] INFO maven_project - Mouseover on computer
2023-01-20 14:45:47,943 [main] INFO maven_project - Clicked on NotebookText
2023-01-22 14:20:20,139 [main] INFO maven_project - Open URL
2023-01-22 14:20:23,425 [main] INFO maven_project - Enter user mailL
2023-01-22 14:20:26,563 [main] INFO maven_project - Enter User password
2023-01-22 14:20:31,710 [main] INFO maven_project - Clicked on longin button
2023-01-22 14:21:36,363 [main] INFO maven_project - Open URL
2023-01-22 14:21:39,634 [main] INFO maven_project - Enter user mailL
2023-01-22 14:21:42,781 [main] INFO maven_project - Enter User password
2023-01-22 14:21:46,629 [main] INFO maven_project - Clicked on longin button
2023-01-22 14:36:53,288 [main] INFO maven_project - Open URL
2023-01-22 14:36:56,491 [main] INFO maven_project - Enter username
2023-01-22 14:36:59,601 [main] INFO maven_project - Enter password
2023-01-22 14:37:03,766 [main] INFO maven_project - Click on loginbutton
2023-01-22 14:37:06,936 [main] INFO maven_project - Mouseover on Computer
2023-01-22 14:40:41,446 [main] INFO maven_project - Open URL
2023-01-22 14:40:44,637 [main] INFO maven_project - Enter username
2023-01-22 14:40:47,724 [main] INFO maven_project - Enter password
2023-01-22 14:40:51,638 [main] INFO maven_project - Click on loginbutton
2023-01-22 14:40:54,866 [main] INFO maven_project - Mouseover on Computer
2023-01-22 14:40:55,738 [main] INFO maven_project - click on Notebook
2023-01-22 14:55:20,503 [main] INFO maven_project - Open URL
2023-01-22 14:55:23,684 [main] INFO maven_project - Enter user mailL
2023-01-22 14:55:26,777 [main] INFO maven_project - Enter User password
2023-01-22 14:55:31,754 [main] INFO maven_project - Clicked on longin button
2023-01-22 14:55:34,967 [main] INFO maven_project - Mouseover on computer
2023-01-22 14:55:42,150 [main] INFO maven_project - Clicked on NotebookText
2023-01-22 15:03:08,636 [main] INFO maven_project - Open URL
2023-01-22 15:03:11,925 [main] INFO maven_project - Enter user mailL
2023-01-22 15:03:15,063 [main] INFO maven_project - Enter User password
2023-01-22 15:03:19,849 [main] INFO maven_project - Clicked on longin button
2023-01-22 15:03:23,061 [main] INFO maven_project - Mouseover on computer
2023-01-22 15:03:23,912 [main] INFO maven_project - Clicked on NotebookText
2023-01-22 15:07:13,972 [main] INFO maven_project - Open URL
2023-01-22 15:07:17,126 [main] INFO maven_project - Enter user mailL
2023-01-22 15:07:20,222 [main] INFO maven_project - Enter User password
2023-01-22 15:07:25,105 [main] INFO maven_project - Clicked on longin button
2023-01-22 15:07:28,302 [main] INFO maven_project - Mouseover on computer
2023-01-22 15:07:33,333 [main] INFO maven_project - Clicked on NotebookText
2023-01-22 15:09:52,990 [main] INFO maven_project - Open URL
2023-01-22 15:09:56,168 [main] INFO maven_project - Enter user mailL
2023-01-22 15:09:59,267 [main] INFO maven_project - Enter User password
2023-01-22 15:10:02,799 [main] INFO maven_project - Clicked on longin button
2023-01-22 15:10:22,440 [main] INFO maven_project - Open URL
2023-01-22 15:10:25,587 [main] INFO maven_project - Enter user mailL
2023-01-22 15:10:28,681 [main] INFO maven_project - Enter User password
2023-01-22 15:10:32,747 [main] INFO maven_project - Clicked on longin button
2023-01-22 15:12:39,816 [main] INFO maven_project - Open URL
2023-01-22 15:12:42,974 [main] INFO maven_project - Enter user mailL
2023-01-22 15:12:46,074 [main] INFO maven_project - Enter User password
2023-01-22 15:12:50,178 [main] INFO maven_project - Clicked on longin button
2023-01-22 15:12:53,381 [main] INFO maven_project - Mouseover on computer
2023-01-22 15:12:55,215 [main] INFO maven_project - Clicked on NotebookText
2023-01-22 15:14:40,336 [main] INFO maven_project - Open URL
2023-01-22 15:14:43,498 [main] INFO maven_project - Enter user mailL
2023-01-22 15:14:46,589 [main] INFO maven_project - Enter User password
2023-01-22 15:14:51,207 [main] INFO maven_project - Clicked on longin button
2023-01-22 15:14:54,378 [main] INFO maven_project - Mouseover on computer
2023-01-22 15:14:55,254 [main] INFO maven_project - Clicked on NotebookText
2023-01-22 16:20:29,657 [main] INFO maven_project - Open URL
2023-01-22 16:20:32,882 [main] INFO maven_project - Enter user mailL
2023-01-22 16:20:36,029 [main] INFO maven_project - Enter User password
2023-01-22 16:20:40,461 [main] INFO maven_project - Clicked on longin button
2023-01-22 16:24:01,777 [main] INFO maven_project - Open URL
2023-01-22 16:24:04,999 [main] INFO maven_project - Enter user mailL
2023-01-22 16:24:08,185 [main] INFO maven_project - Enter User password
2023-01-22 16:24:12,398 [main] INFO maven_project - Clicked on longin button
2023-01-23 13:19:28,431 [main] INFO maven_project - open commerce URL
2023-01-23 13:19:28,583 [main] INFO maven_project - enter email
2023-01-23 13:19:30,691 [main] INFO maven_project - enter password
2023-01-23 13:19:34,095 [main] INFO maven_project - click into login button
2023-01-23 13:19:42,442 [main] INFO maven_project - Open URL
2023-01-23 13:19:45,541 [main] INFO maven_project - Enter user mailL
2023-01-23 13:19:48,627 [main] INFO maven_project - Enter User password
2023-01-23 13:19:52,211 [main] INFO maven_project - Clicked on longin button
2023-01-23 13:23:48,178 [main] INFO maven_project - open commerce URL
2023-01-23 13:23:48,315 [main] INFO maven_project - enter email
2023-01-23 13:23:50,418 [main] INFO maven_project - enter password
2023-01-23 13:23:53,916 [main] INFO maven_project - click into login button
2023-01-23 13:24:01,433 [main] INFO maven_project - Open URL
2023-01-23 13:24:04,541 [main] INFO maven_project - Enter user mailL
2023-01-23 13:24:07,635 [main] INFO maven_project - Enter User password
2023-01-23 13:24:12,169 [main] INFO maven_project - Clicked on longin button
2023-01-23 13:28:35,594 [main] INFO maven_project - Open URL
2023-01-23 13:28:38,736 [main] INFO maven_project - Enter user mailL
2023-01-23 13:28:41,823 [main] INFO maven_project - Enter User password
2023-01-23 13:28:46,125 [main] INFO maven_project - Clicked on longin button
2023-01-23 13:37:03,702 [main] INFO maven_project - User created
2023-01-23 13:38:24,622 [main] INFO maven_project - Open URL
2023-01-23 13:38:27,762 [main] INFO maven_project - Enter user mailL
2023-01-23 13:38:30,850 [main] INFO maven_project - Enter User password
2023-01-23 13:38:36,483 [main] INFO maven_project - Clicked on longin button
2023-01-23 13:38:39,695 [main] INFO maven_project - Mouseover on computer
2023-01-23 13:38:41,105 [main] INFO maven_project - Clicked on NotebookText
2023-01-23 13:39:10,001 [main] INFO maven_project - open commerce URL
2023-01-23 13:39:10,121 [main] INFO maven_project - enter email
2023-01-23 13:39:12,226 [main] INFO maven_project - enter password
2023-01-23 13:39:16,091 [main] INFO maven_project - click into login button
2023-01-23 13:39:20,107 [main] INFO maven_project - Login success
2023-01-23 13:59:47,104 [main] INFO maven_project - Open URL
2023-01-23 13:59:50,363 [main] INFO maven_project - Enter user mailL
2023-01-23 13:59:53,473 [main] INFO maven_project - Enter User password
2023-01-23 14:00:00,085 [main] INFO maven_project - Clicked on longin button
2023-01-23 14:00:03,296 [main] INFO maven_project - Mouseover on computer
2023-01-23 14:00:05,210 [main] INFO maven_project - Clicked on NotebookText
2023-01-23 23:03:10,205 [main] INFO maven_project - User created
2023-01-23 23:45:21,379 [main] INFO maven_project - Open URL
2023-01-23 23:45:24,633 [main] INFO maven_project - Enter user mailL
2023-01-23 23:45:27,803 [main] INFO maven_project - Enter User password
2023-01-23 23:45:31,650 [main] INFO maven_project - Clicked on longin button
2023-01-24 15:27:40,592 [main] INFO maven_project - Open URL
2023-01-24 15:27:43,841 [main] INFO maven_project - Enter user mailL
2023-01-24 15:27:47,041 [main] INFO maven_project - Enter User password
2023-01-24 15:27:51,931 [main] INFO maven_project - Clicked on longin button
2023-01-24 15:29:20,811 [main] INFO maven_project - User created
2023-01-24 15:29:42,824 [main] INFO maven_project - Open URL
2023-01-24 15:29:46,091 [main] INFO maven_project - Enter user mailL
2023-01-24 15:29:49,274 [main] INFO maven_project - Enter User password
2023-01-24 15:29:55,451 [main] INFO maven_project - Clicked on longin button
2023-01-24 15:29:58,827 [main] INFO maven_project - Mouseover on computer
2023-01-24 15:30:01,591 [main] INFO maven_project - Clicked on NotebookText
2023-01-24 21:47:54,798 [main] INFO maven_project - User created
2023-01-25 00:30:55,390 [main] INFO maven_project - open commerce URL
2023-01-25 00:30:55,565 [main] INFO maven_project - enter email
2023-01-25 00:30:57,660 [main] INFO maven_project - enter password
2023-01-25 00:31:01,693 [main] INFO maven_project - click into login button
2023-01-25 00:31:19,011 [main] INFO maven_project - Open URL
2023-01-25 00:31:22,167 [main] INFO maven_project - Enter user mailL
2023-01-25 00:31:25,249 [main] INFO maven_project - Enter User password
2023-01-25 00:31:29,803 [main] INFO maven_project - Clicked on longin button
2023-01-25 00:31:49,655 [main] INFO maven_project - User created
2023-01-25 14:47:58,145 [main] INFO maven_project - User created
2023-01-25 17:43:13,465 [main] INFO maven_project - open commerce URL
2023-01-25 17:43:13,781 [main] INFO maven_project - enter email
2023-01-25 17:43:15,949 [main] INFO maven_project - enter password
2023-01-25 17:43:18,726 [main] INFO maven_project - click into login button
2023-01-25 22:24:50,605 [main] INFO maven_project - User created
