2023-01-19 00:46:40,467 - maven_project -INFO - open commerce URL
2023-01-19 00:46:40,643 - maven_project -INFO - enter email
2023-01-19 00:46:42,733 - maven_project -INFO - enter password
2023-01-19 00:46:46,040 - maven_project -INFO - click into login button
2023-01-19 00:50:57,394 - maven_project -INFO - open commerce URL
2023-01-19 00:50:57,551 - maven_project -INFO - enter email
2023-01-19 00:50:59,714 - maven_project -INFO - enter password
2023-01-19 00:51:03,076 - maven_project -INFO - click into login button
2023-01-19 01:07:53,318 - maven_project -INFO - open commerce URL
2023-01-19 01:07:53,511 - maven_project -INFO - enter email
2023-01-19 01:07:55,610 - maven_project -INFO - enter password
2023-01-19 01:07:59,089 - maven_project -INFO - click into login button
2023-01-19 01:09:10,274 - maven_project -INFO - open commerce URL
2023-01-19 01:09:19,498 - maven_project -INFO - enter email
2023-01-19 01:09:21,617 - maven_project -INFO - enter password
2023-01-19 01:09:24,233 - maven_project -INFO - click into login button
2023-01-19 01:10:07,443 - maven_project -INFO - open commerce URL
2023-01-19 01:10:07,641 - maven_project -INFO - enter email
2023-01-19 01:10:09,733 - maven_project -INFO - enter password
2023-01-19 01:10:12,261 - maven_project -INFO - click into login button
2023-01-19 01:12:27,663 - maven_project -INFO - open commerce URL
2023-01-19 01:12:27,843 - maven_project -INFO - enter email
2023-01-19 01:12:29,931 - maven_project -INFO - enter password
2023-01-19 01:12:32,706 - maven_project -INFO - click into login button
2023-01-19 01:15:26,229 - maven_project -INFO - open commerce URL
2023-01-19 01:15:26,402 - maven_project -INFO - enter email
2023-01-19 01:15:28,505 - maven_project -INFO - enter password
2023-01-19 01:15:33,018 - maven_project -INFO - click into login button
2023-01-19 01:16:08,420 - maven_project -INFO - open commerce URL
2023-01-19 01:16:08,619 - maven_project -INFO - enter email
2023-01-19 01:16:10,702 - maven_project -INFO - enter password
2023-01-19 01:16:15,195 - maven_project -INFO - click into login button
2023-01-19 01:18:46,841 - maven_project -INFO - open commerce URL
2023-01-19 01:18:47,044 - maven_project -INFO - enter email
2023-01-19 01:18:49,135 - maven_project -INFO - enter password
2023-01-19 01:18:53,355 - maven_project -INFO - click into login button
2023-01-19 01:18:57,382 - maven_project -INFO - Login success
2023-01-19 01:53:02,466 - maven_project -INFO - open commerce URL
2023-01-19 01:53:02,737 - maven_project -INFO - enter email
2023-01-19 01:53:04,901 - maven_project -INFO - enter password
2023-01-19 01:53:08,625 - maven_project -INFO - click into login button
2023-01-19 01:55:38,357 - maven_project -INFO - open commerce URL
2023-01-19 01:55:38,637 - maven_project -INFO - enter email
2023-01-19 01:55:40,802 - maven_project -INFO - enter password
2023-01-19 01:55:44,653 - maven_project -INFO - click into login button
2023-01-19 01:59:43,828 - maven_project -INFO - open commerce URL
2023-01-19 01:59:44,107 - maven_project -INFO - enter email
2023-01-19 01:59:46,337 - maven_project -INFO - enter password
2023-01-19 01:59:50,269 - maven_project -INFO - click into login button
2023-01-19 02:07:14,211 - maven_project -INFO - open commerce URL
2023-01-19 02:07:14,489 - maven_project -INFO - enter email
2023-01-19 02:07:16,667 - maven_project -INFO - enter password
2023-01-19 02:07:20,130 - maven_project -INFO - click into login button
2023-01-19 09:26:39,271 - maven_project -INFO - open commerce URL
2023-01-19 09:26:39,666 - maven_project -INFO - enter email
2023-01-19 09:26:40,244 - maven_project -INFO - open commerce URL
2023-01-19 09:26:40,563 - maven_project -INFO - enter email
2023-01-19 09:26:41,850 - maven_project -INFO - enter password
2023-01-19 09:26:42,739 - maven_project -INFO - enter password
2023-01-19 09:26:44,487 - maven_project -INFO - click into login button
2023-01-19 09:26:46,325 - maven_project -INFO - click into login button
2023-01-19 09:27:57,500 - maven_project -INFO - open commerce URL
2023-01-19 09:27:57,832 - maven_project -INFO - enter email
2023-01-19 09:28:00,255 - maven_project -INFO - enter password
2023-01-19 09:28:03,674 - maven_project -INFO - click into login button
2023-01-19 13:01:15,005 - maven_project -INFO - open commerce URL
2023-01-19 13:01:15,245 - maven_project -INFO - enter email
2023-01-19 13:01:17,387 - maven_project -INFO - enter password
2023-01-19 13:01:20,882 - maven_project -INFO - click into login button
2023-01-19 13:11:25,595 - maven_project -INFO - open commerce URL
2023-01-19 13:11:25,860 - maven_project -INFO - enter email
2023-01-19 13:11:28,062 - maven_project -INFO - enter password
2023-01-19 13:11:31,831 - maven_project -INFO - click into login button
2023-01-19 13:12:50,815 - maven_project -INFO - open commerce URL
2023-01-19 13:12:51,087 - maven_project -INFO - enter email
2023-01-19 13:12:53,264 - maven_project -INFO - enter password
2023-01-19 13:12:56,161 - maven_project -INFO - click into login button
2023-01-19 14:12:05,775 - maven_project -INFO - open commerce URL
2023-01-19 14:12:06,075 - maven_project -INFO - enter email
2023-01-19 14:12:08,250 - maven_project -INFO - enter password
2023-01-19 14:12:11,116 - maven_project -INFO - click into login button
2023-01-19 14:14:43,189 - maven_project -INFO - open commerce URL
2023-01-19 14:14:43,421 - maven_project -INFO - enter email
2023-01-19 14:14:45,567 - maven_project -INFO - enter password
2023-01-19 14:14:48,296 - maven_project -INFO - click into login button
2023-01-19 14:18:57,153 - maven_project -INFO - open commerce URL
2023-01-19 14:18:57,456 - maven_project -INFO - enter email
2023-01-19 14:18:59,663 - maven_project -INFO - enter password
2023-01-19 14:19:03,293 - maven_project -INFO - click into login button
2023-01-19 14:24:47,950 - maven_project -INFO - open commerce URL
2023-01-19 14:24:48,313 - maven_project -INFO - enter email
2023-01-19 14:24:50,563 - maven_project -INFO - enter password
2023-01-19 14:24:53,241 - maven_project -INFO - click into login button
2023-01-19 14:26:26,142 - maven_project -INFO - open commerce URL
2023-01-19 14:26:26,356 - maven_project -INFO - enter email
2023-01-19 14:26:28,581 - maven_project -INFO - enter password
2023-01-19 14:26:31,333 - maven_project -INFO - click into login button
2023-01-19 14:29:31,591 - maven_project -INFO - open commerce URL
2023-01-19 14:29:31,932 - maven_project -INFO - enter email
2023-01-19 14:29:34,138 - maven_project -INFO - enter password
2023-01-19 14:29:37,265 - maven_project -INFO - click into login button
2023-01-19 14:34:08,775 - maven_project -INFO - open commerce URL
2023-01-19 14:34:09,091 - maven_project -INFO - enter email
2023-01-19 14:34:11,302 - maven_project -INFO - enter password
2023-01-19 14:34:13,983 - maven_project -INFO - click into login button
2023-01-19 14:37:25,535 - maven_project -INFO - open commerce URL
2023-01-19 14:37:25,896 - maven_project -INFO - enter email
2023-01-19 14:37:28,212 - maven_project -INFO - enter password
2023-01-19 14:37:31,372 - maven_project -INFO - click into login button
2023-01-19 22:46:41,573 - maven_project -INFO - open commerce URL
2023-01-19 22:46:41,892 - maven_project -INFO - enter email
2023-01-19 22:46:44,081 - maven_project -INFO - enter password
2023-01-19 22:46:48,074 - maven_project -INFO - click into login button
2023-01-19 23:07:23,609 - maven_project -INFO - open commerce URL
2023-01-19 23:07:23,888 - maven_project -INFO - enter email
2023-01-19 23:07:26,171 - maven_project -INFO - enter password
2023-01-19 23:07:29,701 - maven_project -INFO - click into login button
2023-01-19 23:56:37,701 - maven_project -INFO - Open URL
2023-01-19 23:56:41,379 - maven_project -INFO - Enter user mailL
2023-01-19 23:56:44,570 - maven_project -INFO - Enter User password
2023-01-19 23:56:49,096 - maven_project -INFO - Clicked on longin button
2023-01-19 23:57:21,414 - maven_project -INFO - Open URL
2023-01-19 23:57:24,762 - maven_project -INFO - Enter user mailL
2023-01-19 23:57:27,951 - maven_project -INFO - Enter User password
2023-01-19 23:57:31,706 - maven_project -INFO - Clicked on longin button
2023-01-19 23:58:54,707 - maven_project -INFO - Open URL
2023-01-19 23:58:57,961 - maven_project -INFO - Enter user mailL
2023-01-19 23:59:01,174 - maven_project -INFO - Enter User password
2023-01-19 23:59:05,740 - maven_project -INFO - Clicked on longin button
2023-01-19 23:59:27,811 - maven_project -INFO - Mouseover on computer
2023-01-20 00:02:19,607 - maven_project -INFO - Open URL
2023-01-20 00:02:23,106 - maven_project -INFO - Enter user mailL
2023-01-20 00:02:26,346 - maven_project -INFO - Enter User password
2023-01-20 00:02:30,889 - maven_project -INFO - Clicked on longin button
2023-01-20 00:02:34,400 - maven_project -INFO - Mouseover on computer
2023-01-20 00:02:35,827 - maven_project -INFO - Clicked on NotebookText
2023-01-20 00:03:58,222 - maven_project -INFO - Open URL
2023-01-20 00:04:01,640 - maven_project -INFO - Enter user mailL
2023-01-20 00:04:04,855 - maven_project -INFO - Enter User password
2023-01-20 00:04:10,146 - maven_project -INFO - Clicked on longin button
2023-01-20 00:04:13,482 - maven_project -INFO - Mouseover on computer
2023-01-20 00:04:15,301 - maven_project -INFO - Clicked on NotebookText
2023-01-20 00:07:26,463 - maven_project -INFO - Open URL
2023-01-20 00:07:29,818 - maven_project -INFO - Enter user mailL
2023-01-20 00:07:33,015 - maven_project -INFO - Enter User password
2023-01-20 00:07:37,566 - maven_project -INFO - Clicked on longin button
2023-01-20 00:07:40,905 - maven_project -INFO - Mouseover on computer
2023-01-20 00:07:42,257 - maven_project -INFO - Clicked on NotebookText
2023-01-20 00:11:44,080 - maven_project -INFO - Open URL
2023-01-20 00:11:47,405 - maven_project -INFO - Enter user mailL
2023-01-20 00:11:50,585 - maven_project -INFO - Enter User password
2023-01-20 00:11:54,305 - maven_project -INFO - Clicked on longin button
2023-01-20 00:12:20,690 - maven_project -INFO - Open URL
2023-01-20 00:12:24,078 - maven_project -INFO - Enter user mailL
2023-01-20 00:12:27,245 - maven_project -INFO - Enter User password
2023-01-20 00:12:31,763 - maven_project -INFO - Clicked on longin button
2023-01-20 00:12:47,825 - maven_project -INFO - Mouseover on computer
2023-01-20 00:14:48,173 - maven_project -INFO - Open URL
2023-01-20 00:14:51,945 - maven_project -INFO - Enter user mailL
2023-01-20 00:14:55,195 - maven_project -INFO - Enter User password
2023-01-20 00:15:00,675 - maven_project -INFO - Clicked on longin button
2023-01-20 00:15:04,145 - maven_project -INFO - Mouseover on computer
2023-01-20 00:15:05,405 - maven_project -INFO - Clicked on NotebookText
2023-01-20 00:17:59,516 - maven_project -INFO - Open URL
2023-01-20 00:18:02,825 - maven_project -INFO - Enter user mailL
2023-01-20 00:18:05,995 - maven_project -INFO - Enter User password
2023-01-20 00:18:10,605 - maven_project -INFO - Clicked on longin button
2023-01-20 00:18:13,861 - maven_project -INFO - Mouseover on computer
2023-01-20 00:18:15,365 - maven_project -INFO - Clicked on NotebookText
2023-01-20 00:25:32,352 - maven_project -INFO - open commerce URL
2023-01-20 00:25:32,727 - maven_project -INFO - enter email
2023-01-20 00:25:34,929 - maven_project -INFO - enter password
2023-01-20 00:25:37,656 - maven_project -INFO - click into login button
2023-01-20 00:37:51,980 - maven_project -INFO - open commerce URL
2023-01-20 00:37:52,310 - maven_project -INFO - enter email
2023-01-20 00:37:54,513 - maven_project -INFO - enter password
2023-01-20 00:37:58,063 - maven_project -INFO - click into login button
2023-01-20 00:44:17,137 - maven_project -INFO - open commerce URL
2023-01-20 00:44:18,497 - maven_project -INFO - open commerce URL
2023-01-20 00:44:18,723 - maven_project -INFO - enter email
2023-01-20 00:44:18,803 - maven_project -INFO - enter email
2023-01-20 00:44:20,958 - maven_project -INFO - enter password
2023-01-20 00:44:21,062 - maven_project -INFO - enter password
2023-01-20 00:44:23,103 - maven_project -INFO - click into login button
2023-01-20 00:44:23,192 - maven_project -INFO - click into login button
2023-01-20 00:45:12,267 - maven_project -INFO - open commerce URL
2023-01-20 00:45:13,622 - maven_project -INFO - open commerce URL
2023-01-20 00:45:13,903 - maven_project -INFO - enter email
2023-01-20 00:45:14,003 - maven_project -INFO - enter email
2023-01-20 00:45:16,069 - maven_project -INFO - enter password
2023-01-20 00:45:16,147 - maven_project -INFO - enter password
2023-01-20 00:45:18,178 - maven_project -INFO - click into login button
2023-01-20 00:45:18,267 - maven_project -INFO - click into login button
2023-01-20 00:45:45,814 - maven_project -INFO - open commerce URL
2023-01-20 00:45:46,411 - maven_project -INFO - open commerce URL
2023-01-20 00:45:46,634 - maven_project -INFO - enter email
2023-01-20 00:45:46,744 - maven_project -INFO - enter email
2023-01-20 00:45:48,752 - maven_project -INFO - enter password
2023-01-20 00:45:48,810 - maven_project -INFO - enter password
2023-01-20 00:45:50,887 - maven_project -INFO - click into login button
2023-01-20 00:45:51,019 - maven_project -INFO - click into login button
2023-01-20 00:50:29,285 - maven_project -INFO - open commerce URL
2023-01-20 00:50:29,918 - maven_project -INFO - open commerce URL
2023-01-20 00:50:30,074 - maven_project -INFO - enter email
2023-01-20 00:50:30,138 - maven_project -INFO - enter email
2023-01-20 00:50:32,305 - maven_project -INFO - enter password
2023-01-20 00:50:32,377 - maven_project -INFO - enter password
2023-01-20 00:50:34,391 - maven_project -INFO - click into login button
2023-01-20 00:50:34,441 - maven_project -INFO - click into login button
2023-01-20 11:18:10,281 - maven_project -INFO - open commerce URL
2023-01-20 11:18:10,367 - maven_project -INFO - open commerce URL
2023-01-20 11:18:10,503 - maven_project -INFO - enter email
2023-01-20 11:18:10,558 - maven_project -INFO - enter email
2023-01-20 11:18:12,616 - maven_project -INFO - enter password
2023-01-20 11:18:12,664 - maven_project -INFO - enter password
2023-01-20 11:18:14,701 - maven_project -INFO - click into login button
2023-01-20 11:18:14,747 - maven_project -INFO - click into login button
2023-01-20 11:19:15,831 - maven_project -INFO - open commerce URL
2023-01-20 11:19:16,615 - maven_project -INFO - open commerce URL
2023-01-20 11:19:16,778 - maven_project -INFO - enter email
2023-01-20 11:19:16,846 - maven_project -INFO - enter email
2023-01-20 11:19:18,924 - maven_project -INFO - enter password
2023-01-20 11:19:18,993 - maven_project -INFO - enter password
2023-01-20 11:19:21,000 - maven_project -INFO - click into login button
2023-01-20 11:19:21,039 - maven_project -INFO - click into login button
2023-01-20 11:20:31,152 - maven_project -INFO - open commerce URL
2023-01-20 11:20:31,928 - maven_project -INFO - open commerce URL
2023-01-20 11:20:32,080 - maven_project -INFO - enter email
2023-01-20 11:20:32,154 - maven_project -INFO - enter email
2023-01-20 11:20:34,242 - maven_project -INFO - enter password
2023-01-20 11:20:34,304 - maven_project -INFO - enter password
2023-01-20 11:20:36,359 - maven_project -INFO - click into login button
2023-01-20 11:20:36,425 - maven_project -INFO - click into login button
2023-01-20 11:24:03,746 - maven_project -INFO - open commerce URL
2023-01-20 11:24:05,068 - maven_project -INFO - open commerce URL
2023-01-20 11:24:05,211 - maven_project -INFO - enter email
2023-01-20 11:24:05,275 - maven_project -INFO - enter email
2023-01-20 11:24:07,360 - maven_project -INFO - enter password
2023-01-20 11:24:07,413 - maven_project -INFO - enter password
2023-01-20 11:24:09,457 - maven_project -INFO - click into login button
2023-01-20 11:24:09,502 - maven_project -INFO - click into login button
2023-01-20 12:24:53,246 - maven_project -INFO - Open URL
2023-01-20 12:24:56,424 - maven_project -INFO - Enter user mailL
2023-01-20 12:24:59,557 - maven_project -INFO - Enter User password
2023-01-20 12:25:03,519 - maven_project -INFO - Clicked on longin button
2023-01-20 12:25:15,605 - maven_project -INFO - Mouseover on computer
2023-01-20 12:25:18,062 - maven_project -INFO - Clicked on NotebookText
2023-01-20 12:25:41,221 - maven_project -INFO - Open URL
2023-01-20 12:25:44,454 - maven_project -INFO - Enter user mailL
2023-01-20 12:25:47,583 - maven_project -INFO - Enter User password
2023-01-20 12:25:51,548 - maven_project -INFO - Clicked on longin button
2023-01-20 12:27:56,967 - maven_project -INFO - Open URL
2023-01-20 12:28:00,165 - maven_project -INFO - Enter user mailL
2023-01-20 12:28:03,294 - maven_project -INFO - Enter User password
2023-01-20 12:28:09,635 - maven_project -INFO - Clicked on longin button
2023-01-20 12:28:12,877 - maven_project -INFO - Mouseover on computer
2023-01-20 12:28:14,798 - maven_project -INFO - Clicked on NotebookText
2023-01-20 12:32:32,688 - maven_project -INFO - Open URL
2023-01-20 12:32:35,876 - maven_project -INFO - Enter user mailL
2023-01-20 12:32:39,005 - maven_project -INFO - Enter User password
2023-01-20 12:32:44,127 - maven_project -INFO - Clicked on longin button
2023-01-20 12:32:47,323 - maven_project -INFO - Mouseover on computer
2023-01-20 12:32:48,892 - maven_project -INFO - Clicked on NotebookText
2023-01-20 12:37:03,809 - maven_project -INFO - Open URL
2023-01-20 12:37:06,974 - maven_project -INFO - Enter user mailL
2023-01-20 12:37:10,090 - maven_project -INFO - Enter User password
2023-01-20 12:37:16,286 - maven_project -INFO - Clicked on longin button
2023-01-20 12:37:19,484 - maven_project -INFO - Mouseover on computer
2023-01-20 12:37:20,998 - maven_project -INFO - Clicked on NotebookText
2023-01-20 12:43:51,835 - maven_project -INFO - Open URL
2023-01-20 12:43:55,011 - maven_project -INFO - Enter user mailL
2023-01-20 12:43:58,130 - maven_project -INFO - Enter User password
2023-01-20 12:44:05,118 - maven_project -INFO - Clicked on longin button
2023-01-20 12:44:08,323 - maven_project -INFO - Mouseover on computer
2023-01-20 12:44:10,387 - maven_project -INFO - Clicked on NotebookText
2023-01-20 13:00:40,731 - maven_project -INFO - Open URL
2023-01-20 13:00:43,915 - maven_project -INFO - Enter user mailL
2023-01-20 13:00:47,033 - maven_project -INFO - Enter User password
2023-01-20 13:00:52,855 - maven_project -INFO - Clicked on longin button
2023-01-20 13:00:56,064 - maven_project -INFO - Mouseover on computer
2023-01-20 13:00:57,778 - maven_project -INFO - Clicked on NotebookText
2023-01-20 13:15:47,492 - maven_project -INFO - Open URL
2023-01-20 13:15:50,671 - maven_project -INFO - Enter user mailL
2023-01-20 13:15:53,784 - maven_project -INFO - Enter User password
2023-01-20 13:15:58,353 - maven_project -INFO - Clicked on longin button
2023-01-20 13:24:48,216 - maven_project -INFO - open commerce URL
2023-01-20 13:24:48,389 - maven_project -INFO - enter email
2023-01-20 13:24:50,509 - maven_project -INFO - enter password
2023-01-20 13:24:54,229 - maven_project -INFO - click into login button
2023-01-20 13:25:03,341 - maven_project -INFO - Open URL
2023-01-20 13:25:06,473 - maven_project -INFO - Enter user mailL
2023-01-20 13:25:09,650 - maven_project -INFO - Enter User password
2023-01-20 13:25:13,627 - maven_project -INFO - Clicked on longin button
2023-01-20 13:26:26,081 - maven_project -INFO - open commerce URL
2023-01-20 13:26:26,239 - maven_project -INFO - enter email
2023-01-20 13:26:28,371 - maven_project -INFO - enter password
2023-01-20 13:26:31,929 - maven_project -INFO - click into login button
2023-01-20 13:26:40,541 - maven_project -INFO - Open URL
2023-01-20 13:26:43,659 - maven_project -INFO - Enter user mailL
2023-01-20 13:26:46,786 - maven_project -INFO - Enter User password
2023-01-20 13:26:51,223 - maven_project -INFO - Clicked on longin button
2023-01-20 13:31:11,062 - maven_project -INFO - open commerce URL
2023-01-20 13:31:11,230 - maven_project -INFO - enter email
2023-01-20 13:31:13,427 - maven_project -INFO - enter password
2023-01-20 13:31:16,522 - maven_project -INFO - click into login button
2023-01-20 13:31:24,717 - maven_project -INFO - Open URL
2023-01-20 13:31:27,871 - maven_project -INFO - Enter user mailL
2023-01-20 13:31:31,067 - maven_project -INFO - Enter User password
2023-01-20 13:31:35,529 - maven_project -INFO - Clicked on longin button
2023-01-20 13:39:59,887 - maven_project -INFO - open commerce URL
2023-01-20 13:40:00,092 - maven_project -INFO - enter email
2023-01-20 13:40:02,238 - maven_project -INFO - enter password
2023-01-20 13:40:06,039 - maven_project -INFO - click into login button
2023-01-20 13:40:15,123 - maven_project -INFO - Open URL
2023-01-20 13:40:18,302 - maven_project -INFO - Enter user mailL
2023-01-20 13:40:21,420 - maven_project -INFO - Enter User password
2023-01-20 13:40:26,003 - maven_project -INFO - Clicked on longin button
2023-01-20 13:51:52,311 - maven_project -INFO - open commerce URL
2023-01-20 13:51:53,521 - maven_project -INFO - open commerce URL
2023-01-20 13:51:53,678 - maven_project -INFO - enter email
2023-01-20 13:51:53,746 - maven_project -INFO - enter email
2023-01-20 13:51:55,853 - maven_project -INFO - enter password
2023-01-20 13:51:55,917 - maven_project -INFO - enter password
2023-01-20 13:51:57,980 - maven_project -INFO - click into login button
2023-01-20 13:51:58,036 - maven_project -INFO - click into login button
2023-01-20 13:52:59,404 - maven_project -INFO - Open URL
2023-01-20 13:53:00,066 - maven_project -INFO - open commerce URL
2023-01-20 13:53:00,306 - maven_project -INFO - enter email
2023-01-20 13:53:02,444 - maven_project -INFO - enter password
2023-01-20 13:53:02,636 - maven_project -INFO - Enter user mailL
2023-01-20 13:53:04,541 - maven_project -INFO - click into login button
2023-01-20 13:53:05,781 - maven_project -INFO - Enter User password
2023-01-20 13:53:08,916 - maven_project -INFO - Clicked on longin button
2023-01-20 13:55:17,253 - maven_project -INFO - Open URL
2023-01-20 13:55:18,672 - maven_project -INFO - open commerce URL
2023-01-20 13:55:18,856 - maven_project -INFO - enter email
2023-01-20 13:55:20,547 - maven_project -INFO - Enter user mailL
2023-01-20 13:55:20,971 - maven_project -INFO - enter password
2023-01-20 13:55:23,094 - maven_project -INFO - click into login button
2023-01-20 13:55:23,662 - maven_project -INFO - Enter User password
2023-01-20 13:55:26,725 - maven_project -INFO - Clicked on longin button
2023-01-20 14:00:35,146 - maven_project -INFO - open commerce URL
2023-01-20 14:00:35,351 - maven_project -INFO - enter email
2023-01-20 14:00:37,513 - maven_project -INFO - enter password
2023-01-20 14:00:40,908 - maven_project -INFO - click into login button
2023-01-20 14:00:49,720 - maven_project -INFO - Open URL
2023-01-20 14:00:52,873 - maven_project -INFO - Enter user mailL
2023-01-20 14:00:55,982 - maven_project -INFO - Enter User password
2023-01-20 14:01:00,427 - maven_project -INFO - Clicked on longin button
2023-01-20 14:11:41,786 - maven_project -INFO - Open URL
2023-01-20 14:11:43,096 - maven_project -INFO - open commerce URL
2023-01-20 14:11:43,356 - maven_project -INFO - enter email
2023-01-20 14:11:44,966 - maven_project -INFO - Enter user mailL
2023-01-20 14:11:45,476 - maven_project -INFO - enter password
2023-01-20 14:11:47,636 - maven_project -INFO - click into login button
2023-01-20 14:11:48,085 - maven_project -INFO - Enter User password
2023-01-20 14:11:51,189 - maven_project -INFO - Clicked on longin button
2023-01-20 14:38:51,865 - maven_project -INFO - Open URL
2023-01-20 14:38:55,154 - maven_project -INFO - Enter user mailL
2023-01-20 14:38:58,314 - maven_project -INFO - Enter User password
2023-01-20 14:39:01,974 - maven_project -INFO - Clicked on longin button
2023-01-20 14:39:08,460 - maven_project -INFO - Mouseover on computer
2023-01-20 14:39:10,924 - maven_project -INFO - Clicked on NotebookText
2023-01-20 14:42:28,391 - maven_project -INFO - Open URL
2023-01-20 14:42:31,677 - maven_project -INFO - Enter user mailL
2023-01-20 14:42:34,809 - maven_project -INFO - Enter User password
2023-01-20 14:42:39,194 - maven_project -INFO - Clicked on longin button
2023-01-20 14:45:31,127 - maven_project -INFO - Open URL
2023-01-20 14:45:34,354 - maven_project -INFO - Enter user mailL
2023-01-20 14:45:37,499 - maven_project -INFO - Enter User password
2023-01-20 14:45:43,425 - maven_project -INFO - Clicked on longin button
2023-01-20 14:45:46,634 - maven_project -INFO - Mouseover on computer
2023-01-20 14:45:47,943 - maven_project -INFO - Clicked on NotebookText
2023-01-22 14:20:20,139 - maven_project -INFO - Open URL
2023-01-22 14:20:23,425 - maven_project -INFO - Enter user mailL
2023-01-22 14:20:26,563 - maven_project -INFO - Enter User password
2023-01-22 14:20:31,710 - maven_project -INFO - Clicked on longin button
2023-01-22 14:21:36,363 - maven_project -INFO - Open URL
2023-01-22 14:21:39,634 - maven_project -INFO - Enter user mailL
2023-01-22 14:21:42,781 - maven_project -INFO - Enter User password
2023-01-22 14:21:46,629 - maven_project -INFO - Clicked on longin button
2023-01-22 14:36:53,288 - maven_project -INFO - Open URL
2023-01-22 14:36:56,491 - maven_project -INFO - Enter username
2023-01-22 14:36:59,601 - maven_project -INFO - Enter password
2023-01-22 14:37:03,766 - maven_project -INFO - Click on loginbutton
2023-01-22 14:37:06,936 - maven_project -INFO - Mouseover on Computer
2023-01-22 14:40:41,446 - maven_project -INFO - Open URL
2023-01-22 14:40:44,637 - maven_project -INFO - Enter username
2023-01-22 14:40:47,724 - maven_project -INFO - Enter password
2023-01-22 14:40:51,638 - maven_project -INFO - Click on loginbutton
2023-01-22 14:40:54,866 - maven_project -INFO - Mouseover on Computer
2023-01-22 14:40:55,738 - maven_project -INFO - click on Notebook
2023-01-22 14:55:20,503 - maven_project -INFO - Open URL
2023-01-22 14:55:23,684 - maven_project -INFO - Enter user mailL
2023-01-22 14:55:26,777 - maven_project -INFO - Enter User password
2023-01-22 14:55:31,754 - maven_project -INFO - Clicked on longin button
2023-01-22 14:55:34,967 - maven_project -INFO - Mouseover on computer
2023-01-22 14:55:42,150 - maven_project -INFO - Clicked on NotebookText
2023-01-22 15:03:08,636 - maven_project -INFO - Open URL
2023-01-22 15:03:11,925 - maven_project -INFO - Enter user mailL
2023-01-22 15:03:15,063 - maven_project -INFO - Enter User password
2023-01-22 15:03:19,849 - maven_project -INFO - Clicked on longin button
2023-01-22 15:03:23,061 - maven_project -INFO - Mouseover on computer
2023-01-22 15:03:23,912 - maven_project -INFO - Clicked on NotebookText
2023-01-22 15:07:13,972 - maven_project -INFO - Open URL
2023-01-22 15:07:17,126 - maven_project -INFO - Enter user mailL
2023-01-22 15:07:20,222 - maven_project -INFO - Enter User password
2023-01-22 15:07:25,105 - maven_project -INFO - Clicked on longin button
2023-01-22 15:07:28,302 - maven_project -INFO - Mouseover on computer
2023-01-22 15:07:33,333 - maven_project -INFO - Clicked on NotebookText
2023-01-22 15:09:52,990 - maven_project -INFO - Open URL
2023-01-22 15:09:56,168 - maven_project -INFO - Enter user mailL
2023-01-22 15:09:59,267 - maven_project -INFO - Enter User password
2023-01-22 15:10:02,799 - maven_project -INFO - Clicked on longin button
2023-01-22 15:10:22,440 - maven_project -INFO - Open URL
2023-01-22 15:10:25,587 - maven_project -INFO - Enter user mailL
2023-01-22 15:10:28,681 - maven_project -INFO - Enter User password
2023-01-22 15:10:32,747 - maven_project -INFO - Clicked on longin button
2023-01-22 15:12:39,816 - maven_project -INFO - Open URL
2023-01-22 15:12:42,974 - maven_project -INFO - Enter user mailL
2023-01-22 15:12:46,074 - maven_project -INFO - Enter User password
2023-01-22 15:12:50,178 - maven_project -INFO - Clicked on longin button
2023-01-22 15:12:53,381 - maven_project -INFO - Mouseover on computer
2023-01-22 15:12:55,215 - maven_project -INFO - Clicked on NotebookText
2023-01-22 15:14:40,336 - maven_project -INFO - Open URL
2023-01-22 15:14:43,498 - maven_project -INFO - Enter user mailL
2023-01-22 15:14:46,589 - maven_project -INFO - Enter User password
2023-01-22 15:14:51,207 - maven_project -INFO - Clicked on longin button
2023-01-22 15:14:54,378 - maven_project -INFO - Mouseover on computer
2023-01-22 15:14:55,254 - maven_project -INFO - Clicked on NotebookText
2023-01-22 16:20:29,657 - maven_project -INFO - Open URL
2023-01-22 16:20:32,882 - maven_project -INFO - Enter user mailL
2023-01-22 16:20:36,029 - maven_project -INFO - Enter User password
2023-01-22 16:20:40,461 - maven_project -INFO - Clicked on longin button
2023-01-22 16:24:01,777 - maven_project -INFO - Open URL
2023-01-22 16:24:04,999 - maven_project -INFO - Enter user mailL
2023-01-22 16:24:08,185 - maven_project -INFO - Enter User password
2023-01-22 16:24:12,398 - maven_project -INFO - Clicked on longin button
2023-01-23 13:19:28,431 - maven_project -INFO - open commerce URL
2023-01-23 13:19:28,583 - maven_project -INFO - enter email
2023-01-23 13:19:30,691 - maven_project -INFO - enter password
2023-01-23 13:19:34,095 - maven_project -INFO - click into login button
2023-01-23 13:19:42,442 - maven_project -INFO - Open URL
2023-01-23 13:19:45,541 - maven_project -INFO - Enter user mailL
2023-01-23 13:19:48,627 - maven_project -INFO - Enter User password
2023-01-23 13:19:52,211 - maven_project -INFO - Clicked on longin button
2023-01-23 13:23:48,178 - maven_project -INFO - open commerce URL
2023-01-23 13:23:48,315 - maven_project -INFO - enter email
2023-01-23 13:23:50,418 - maven_project -INFO - enter password
2023-01-23 13:23:53,916 - maven_project -INFO - click into login button
2023-01-23 13:24:01,433 - maven_project -INFO - Open URL
2023-01-23 13:24:04,541 - maven_project -INFO - Enter user mailL
2023-01-23 13:24:07,635 - maven_project -INFO - Enter User password
2023-01-23 13:24:12,169 - maven_project -INFO - Clicked on longin button
2023-01-23 13:28:35,594 - maven_project -INFO - Open URL
2023-01-23 13:28:38,736 - maven_project -INFO - Enter user mailL
2023-01-23 13:28:41,823 - maven_project -INFO - Enter User password
2023-01-23 13:28:46,125 - maven_project -INFO - Clicked on longin button
2023-01-23 13:37:03,702 - maven_project -INFO - User created
2023-01-23 13:38:24,622 - maven_project -INFO - Open URL
2023-01-23 13:38:27,762 - maven_project -INFO - Enter user mailL
2023-01-23 13:38:30,850 - maven_project -INFO - Enter User password
2023-01-23 13:38:36,483 - maven_project -INFO - Clicked on longin button
2023-01-23 13:38:39,695 - maven_project -INFO - Mouseover on computer
2023-01-23 13:38:41,105 - maven_project -INFO - Clicked on NotebookText
2023-01-23 13:39:10,001 - maven_project -INFO - open commerce URL
2023-01-23 13:39:10,121 - maven_project -INFO - enter email
2023-01-23 13:39:12,226 - maven_project -INFO - enter password
2023-01-23 13:39:16,091 - maven_project -INFO - click into login button
2023-01-23 13:39:20,107 - maven_project -INFO - Login success
2023-01-23 13:59:47,104 - maven_project -INFO - Open URL
2023-01-23 13:59:50,363 - maven_project -INFO - Enter user mailL
2023-01-23 13:59:53,473 - maven_project -INFO - Enter User password
2023-01-23 14:00:00,085 - maven_project -INFO - Clicked on longin button
2023-01-23 14:00:03,296 - maven_project -INFO - Mouseover on computer
2023-01-23 14:00:05,210 - maven_project -INFO - Clicked on NotebookText
2023-01-23 23:03:10,205 - maven_project -INFO - User created
2023-01-23 23:45:21,379 - maven_project -INFO - Open URL
2023-01-23 23:45:24,633 - maven_project -INFO - Enter user mailL
2023-01-23 23:45:27,803 - maven_project -INFO - Enter User password
2023-01-23 23:45:31,650 - maven_project -INFO - Clicked on longin button
2023-01-24 15:27:40,592 - maven_project -INFO - Open URL
2023-01-24 15:27:43,841 - maven_project -INFO - Enter user mailL
2023-01-24 15:27:47,041 - maven_project -INFO - Enter User password
2023-01-24 15:27:51,931 - maven_project -INFO - Clicked on longin button
2023-01-24 15:29:20,811 - maven_project -INFO - User created
2023-01-24 15:29:42,824 - maven_project -INFO - Open URL
2023-01-24 15:29:46,091 - maven_project -INFO - Enter user mailL
2023-01-24 15:29:49,274 - maven_project -INFO - Enter User password
2023-01-24 15:29:55,451 - maven_project -INFO - Clicked on longin button
2023-01-24 15:29:58,827 - maven_project -INFO - Mouseover on computer
2023-01-24 15:30:01,591 - maven_project -INFO - Clicked on NotebookText
2023-01-24 21:47:54,798 - maven_project -INFO - User created
2023-01-25 00:30:55,390 - maven_project -INFO - open commerce URL
2023-01-25 00:30:55,565 - maven_project -INFO - enter email
2023-01-25 00:30:57,660 - maven_project -INFO - enter password
2023-01-25 00:31:01,693 - maven_project -INFO - click into login button
2023-01-25 00:31:19,011 - maven_project -INFO - Open URL
2023-01-25 00:31:22,167 - maven_project -INFO - Enter user mailL
2023-01-25 00:31:25,249 - maven_project -INFO - Enter User password
2023-01-25 00:31:29,803 - maven_project -INFO - Clicked on longin button
2023-01-25 00:31:49,655 - maven_project -INFO - User created
2023-01-25 14:47:58,145 - maven_project -INFO - User created
2023-01-25 17:43:13,465 - maven_project -INFO - open commerce URL
2023-01-25 17:43:13,781 - maven_project -INFO - enter email
2023-01-25 17:43:15,949 - maven_project -INFO - enter password
2023-01-25 17:43:18,726 - maven_project -INFO - click into login button
2023-01-25 22:24:50,605 - maven_project -INFO - User created
